<?xml version="1.0" encoding="UTF-8"?>
<!-- Generated by org.testng.reporters.JUnitXMLReporter -->
<testsuite hostname="Marcus-VirtualBox" name="Surefire test" tests="12" failures="0" timestamp="5 Sep 2019 11:10:42 GMT" time="0.136" errors="0">
  <testcase name="test on test(com.mycompany.fortuneteller.jsf.maven.TestTest)" time="0.004" classname="com.mycompany.fortuneteller.jsf.maven.TestTest"/>
  <testcase name="testwhatFactorToConsider on testwhatFactorToConsider(com.mycompany.fortuneteller.jsf.maven.testRandomGenerator)" time="0.002" classname="com.mycompany.fortuneteller.jsf.maven.testRandomGenerator"/>
  <testcase name="testgetTwoRandomNumbers on testgetTwoRandomNumbers(com.mycompany.fortuneteller.jsf.maven.testRandomGenerator)" time="0.001" classname="com.mycompany.fortuneteller.jsf.maven.testRandomGenerator"/>
  <testcase name="testgetOneRandomNumber on testgetOneRandomNumber(com.mycompany.fortuneteller.jsf.maven.testRandomGenerator)" time="0.0" classname="com.mycompany.fortuneteller.jsf.maven.testRandomGenerator"/>
  <testcase name="testgenerateMessage on testgenerateMessage(com.mycompany.fortuneteller.jsf.maven.testPerson)" time="0.008" classname="com.mycompany.fortuneteller.jsf.maven.testPerson"/>
  <testcase name="testsetMessage on testsetMessage(com.mycompany.fortuneteller.jsf.maven.testPerson)" time="0.001" classname="com.mycompany.fortuneteller.jsf.maven.testPerson"/>
  <testcase name="testgetMessageByGender on testgetMessageByGender(com.mycompany.fortuneteller.jsf.maven.testTranslator)" time="0.001" classname="com.mycompany.fortuneteller.jsf.maven.testTranslator"/>
  <testcase name="testgetMessage on testgetMessage(com.mycompany.fortuneteller.jsf.maven.testTranslator)" time="0.001" classname="com.mycompany.fortuneteller.jsf.maven.testTranslator"/>
  <testcase name="testgetMessageByOccupation on testgetMessageByOccupation(com.mycompany.fortuneteller.jsf.maven.testTranslator)" time="0.0" classname="com.mycompany.fortuneteller.jsf.maven.testTranslator"/>
  <testcase name="testgetTemporaryMessage on testgetTemporaryMessage(com.mycompany.fortuneteller.jsf.maven.testTranslator)" time="0.001" classname="com.mycompany.fortuneteller.jsf.maven.testTranslator"/>
  <testcase name="testgetMessageByName on testgetMessageByName(com.mycompany.fortuneteller.jsf.maven.testTranslator)" time="0.0" classname="com.mycompany.fortuneteller.jsf.maven.testTranslator"/>
  <testcase name="testgetMessageByAge on testgetMessageByAge(com.mycompany.fortuneteller.jsf.maven.testTranslator)" time="0.001" classname="com.mycompany.fortuneteller.jsf.maven.testTranslator"/>
</testsuite> <!-- Surefire test -->
